[2022-10-09 13:56:29] [INFO]: 进入推荐结果页面
[2022-10-09 13:56:33] [INFO]: id为123123123的用户登陆账号
[2022-10-09 13:56:34] [INFO]: id为123123123的用户点击了信息123456
[2022-10-09 14:20:42] [INFO]: 进入推荐结果页面
[2022-10-09 14:36:28] [INFO]: id为123132423hhh的用户登陆账号
[2022-10-09 14:36:31] [INFO]: id为123132423hhh的用户点击了信息1234
[2022-10-09 16:29:26] [INFO]: 进入推荐结果页面
[2022-10-09 16:29:41] [INFO]: id为kkk的用户登陆账号
[2022-10-09 16:32:01] [INFO]: 进入推荐结果页面
[2022-10-09 16:32:32] [INFO]: 进入推荐结果页面
[2022-10-09 16:32:55] [INFO]: 进入推荐结果页面
[2022-10-09 16:33:27] [INFO]: 进入推荐结果页面
[2022-10-09 16:34:01] [INFO]: 进入推荐结果页面
[2022-10-09 16:34:22] [INFO]: 进入推荐结果页面
[2022-10-09 16:34:32] [INFO]: 进入推荐结果页面
[2022-10-09 16:34:52] [INFO]: 进入推荐结果页面
[2022-10-09 16:36:16] [INFO]: 进入推荐结果页面
[2022-10-09 16:37:14] [INFO]: 进入推荐结果页面
[2022-10-09 16:37:23] [INFO]: 进入推荐结果页面
[2022-10-09 16:37:41] [INFO]: 进入推荐结果页面
[2022-10-09 16:37:44] [INFO]: id为123的用户登陆账号
[2022-10-09 16:38:48] [INFO]: id为123的用户登陆账号
[2022-10-09 16:38:51] [INFO]: id为12的用户登陆账号
[2022-10-09 16:40:46] [INFO]: 进入推荐结果页面
[2022-10-09 16:40:49] [INFO]: id为1231的用户登陆账号
[2022-10-09 16:41:15] [INFO]: 进入推荐结果页面
[2022-10-09 16:41:18] [INFO]: id为1111的用户登陆账号
[2022-10-09 16:44:22] [INFO]: 进入推荐结果页面
[2022-10-09 16:45:35] [INFO]: 进入推荐结果页面
[2022-10-09 16:45:58] [INFO]: 进入推荐结果页面
[2022-10-09 16:46:27] [INFO]: id为12321的用户登陆账号
[2022-10-09 16:46:47] [INFO]: 进入推荐结果页面
[2022-10-09 16:46:53] [INFO]: id为1的用户登陆账号
[2022-10-09 16:47:20] [INFO]: 进入推荐结果页面
[2022-10-09 16:47:22] [INFO]: id为z的用户登陆账号
[2022-10-09 16:48:23] [INFO]: 进入推荐结果页面
[2022-10-09 16:48:43] [INFO]: 进入推荐结果页面
[2022-10-09 16:48:52] [INFO]: 进入推荐结果页面
[2022-10-09 16:49:38] [INFO]: 进入推荐结果页面
[2022-10-09 16:50:04] [INFO]: 进入推荐结果页面
[2022-10-09 16:50:26] [INFO]: 进入推荐结果页面
[2022-10-09 16:51:19] [INFO]: 进入推荐结果页面
[2022-10-09 16:51:53] [INFO]: 进入推荐结果页面
[2022-10-09 16:52:06] [INFO]: 进入推荐结果页面
[2022-10-09 16:57:19] [INFO]: id为1213的用户登陆账号
[2022-10-09 16:58:13] [INFO]: id为1213的用户登陆账号
[2022-10-09 16:59:27] [INFO]: id为1213的用户点击了信息123456
[2022-10-09 17:00:50] [INFO]: 进入推荐结果页面
[2022-10-09 17:00:53] [INFO]: id为9的用户登陆账号
[2022-10-09 17:01:53] [INFO]: id为111abc的用户登陆账号
[2022-10-09 17:04:03] [INFO]: id为111abc的用户登陆账号
[2022-10-09 17:09:45] [INFO]: id为111abc的用户登陆账号
[2022-10-09 17:15:53] [INFO]: 进入推荐结果页面
[2022-10-09 17:16:14] [INFO]: 进入推荐结果页面
[2022-10-09 17:16:32] [INFO]: 进入推荐结果页面
[2022-10-09 17:16:37] [INFO]: id为213的用户登陆账号
[2022-10-09 17:18:32] [INFO]: 进入推荐结果页面
[2022-10-09 17:19:00] [INFO]: 进入推荐结果页面
[2022-10-09 17:23:22] [INFO]: id为111的用户登陆账号
[2022-10-09 17:31:21] ?[1665336681.962062]? [INFO]: id为pp的用户登陆账号
[2022-10-09 17:35:53,949] [INFO]: 进入推荐结果页面
[2022-10-09 17:35:56,064] [INFO]: id为h的用户登陆账号
[2022-10-09 17:42:44,441] [INFO]: 进入推荐结果页面
[2022-10-09 17:42:48,271] [INFO]: id为00的用户登陆账号
[2022-10-09 17:45:23,283] [INFO]: 进入推荐结果页面
[2022-10-10 01:46:44,226] [INFO]: 进入推荐结果页面
[2022-10-10 01:48:09] [INFO]: 进入推荐结果页面
[2022-10-10 01:53:14] [INFO]: 进入推荐结果页面
[2022-10-10 19:59:32] [INFO]: 进入推荐结果页面
[2022-10-10 19:59:39] [INFO]: id为12313的用户登陆账号
[2022-10-10 19:59:42] [INFO]: id为12313的用户点击了信息1
[2022-10-10 19:59:45] [INFO]: id为12313的用户点击了信息8
[2022-10-10 19:59:47] [INFO]: id为12313的用户点击了信息12
[2022-10-10 20:02:59] [INFO]: 进入推荐结果页面
[2022-10-10 20:03:19] [INFO]: id为fanjingbo的用户登陆账号
[2022-10-10 20:03:31] [INFO]: id为fanjingbo的用户点击了信息6
[2022-10-18 08:23:07] [INFO]: 进入推荐结果页面
[2022-10-18 08:23:12] [INFO]: id为1223432的用户登陆账号
[2022-10-18 08:23:15] [INFO]: id为1223432的用户点击了信息8
